<?xml version="1.0" encoding="UTF-8"?>
<!-- Generated by org.testng.reporters.JUnitReportReporter -->
<testsuite hostname="USBLRMVEERAMAN1" failures="0" tests="1" name="com.DECL.Individual.testScripts.LogIn" time="42.411" errors="0" timestamp="27 Feb 2023 14:54:14 GMT">
  <testcase classname="com.DECL.Individual.testScripts.LogIn" name="logInFlow" time="42.411"/>
</testsuite> <!-- com.DECL.Individual.testScripts.LogIn -->
