<?xml version="1.0" encoding="UTF-8"?>
<!-- Generated by org.testng.reporters.JUnitReportReporter -->
<testsuite hostname="USHYDPROTTA9" failures="0" tests="1" name="com.DECL.Individual.testScripts.Sample" time="40.358" errors="0" timestamp="1 Aug 2022 10:10:12 GMT">
  <testcase classname="com.DECL.Individual.testScripts.Sample" name="sampleFlow" time="40.358"/>
</testsuite> <!-- com.DECL.Individual.testScripts.Sample -->
